#
# A fatal error has been detected by the Java Runtime Environment:
#
#  SIGILL (0x4) at pc=0x00007fff230d18b4, pid=99137, tid=54795
#
# JRE version: OpenJDK Runtime Environment (14.0.1+14) (build 14.0.1+14)
# Java VM: OpenJDK 64-Bit Server VM (14.0.1+14, mixed mode, sharing, tiered, compressed oops, g1 gc, bsd-amd64)
# Problematic frame:
# C  [AppKit+0x3af8b4]  -[NSOpenGLContext setView:]+0xbd
#
# No core dump will be written. Core dumps have been disabled. To enable core dumping, try "ulimit -c unlimited" before starting Java again
#
# If you would like to submit a bug report, please visit:
#   https://bugreport.java.com/bugreport/crash.jsp
# The crash happened outside the Java Virtual Machine in native code.
# See problematic frame for where to report the bug.
#

---------------  S U M M A R Y ------------

Command Line: -Dfile.encoding=UTF-8 -Duser.country=VN -Duser.language=en -Duser.variant org.triplea.game.client.HeadedGameRunner

Host: MacBookPro16,1 x86_64 2600 MHz, 12 cores, 16G, Darwin 20.3.0
Time: Sun Jun 13 22:32:26 2021 +07 elapsed time: 11 seconds (0d 0h 0m 11s)

---------------  T H R E A D  ---------------

Current thread (0x00007fa6d011a000):  JavaThread "Java2D Queue Flusher" daemon [_thread_in_native, id=54795, stack(0x0000700007b25000,0x0000700007c25000)]

Stack: [0x0000700007b25000,0x0000700007c25000],  sp=0x0000700007c247e0,  free space=1021k
Native frames: (J=compiled Java code, A=aot compiled Java code, j=interpreted, Vv=VM code, C=native code)
C  [AppKit+0x3af8b4]  -[NSOpenGLContext setView:]+0xbd
C  [libawt_lwawt.dylib+0x2120f]  CGLSD_MakeCurrentToScratch+0x45
C  [libawt_lwawt.dylib+0x21318]  OGLSD_MakeOGLContextCurrent+0x58
C  [libawt_lwawt.dylib+0x40481]  OGLContext_SetSurfaces+0x85
C  [libawt_lwawt.dylib+0x43f1d]  Java_sun_java2d_opengl_OGLRenderQueue_flushBuffer+0x62d
j  sun.java2d.opengl.OGLRenderQueue.flushBuffer(JI)V+0 java.desktop@14.0.1
j  sun.java2d.opengl.OGLRenderQueue.flushBuffer()V+21 java.desktop@14.0.1
j  sun.java2d.opengl.OGLRenderQueue$QueueFlusher.run()V+81 java.desktop@14.0.1
j  java.lang.Thread.run()V+11 java.base@14.0.1
v  ~StubRoutines::call_stub
V  [libjvm.dylib+0x35a5e7]  JavaCalls::call_helper(JavaValue*, methodHandle const&, JavaCallArguments*, Thread*)+0x255
V  [libjvm.dylib+0x3599f0]  JavaCalls::call_virtual(JavaValue*, Klass*, Symbol*, Symbol*, JavaCallArguments*, Thread*)+0xfe
V  [libjvm.dylib+0x359aaa]  JavaCalls::call_virtual(JavaValue*, Handle, Klass*, Symbol*, Symbol*, Thread*)+0x62
V  [libjvm.dylib+0x3e9f23]  thread_entry(JavaThread*, Thread*)+0x78
V  [libjvm.dylib+0x770436]  JavaThread::thread_main_inner()+0x86
V  [libjvm.dylib+0x77027a]  JavaThread::run()+0x11c
V  [libjvm.dylib+0x76e0d7]  Thread::call_run()+0x71
V  [libjvm.dylib+0x605d1d]  thread_native_entry(Thread*)+0x126
C  [libsystem_pthread.dylib+0x6950]  _pthread_start+0xe0
C  [libsystem_pthread.dylib+0x247b]  thread_start+0xf

Java frames: (J=compiled Java code, j=interpreted, Vv=VM code)
j  sun.java2d.opengl.OGLRenderQueue.flushBuffer(JI)V+0 java.desktop@14.0.1
j  sun.java2d.opengl.OGLRenderQueue.flushBuffer()V+21 java.desktop@14.0.1
j  sun.java2d.opengl.OGLRenderQueue$QueueFlusher.run()V+81 java.desktop@14.0.1
j  java.lang.Thread.run()V+11 java.base@14.0.1
v  ~StubRoutines::call_stub

siginfo: si_signo: 4 (SIGILL), si_code: 1 (ILL_ILLOPC), si_addr: 0x00007fff230d18b4

Register to memory mapping:

RAX=0x0 is NULL
RBX=0x00007fa6d15a51a0 points into unknown readable memory: 0f aa 46 88 ff ff 3d 01
RCX=0x0 is NULL
RDX=0x0 is NULL
RSP=0x0000700007c247e0 is pointing into the stack for thread: 0x00007fa6d011a000
RBP=0x0000700007c24830 is pointing into the stack for thread: 0x00007fa6d011a000
RSI=0x000000001f08000c is an unknown value
RDI=0x0 is NULL
R8 =0x0 is NULL
R9 =0x0 is NULL
R10=0x0 is NULL
R11=0x0 is NULL
R12=0x00007fa6d58d2038 points into unknown readable memory: 00 00 00 00 00 00 00 00
R13=0x00007fa6d92b1530 points into unknown readable memory: e0 b5 b3 05 01 00 00 00
R14=0x00007fa6d1598960 points into unknown readable memory: 85 78 46 88 ff ff 3d 02
R15=0x00007fa6d011a310 points into unknown readable memory: 30 8b 99 0c 01 00 00 00


Registers:
RAX=0x0000000000000000, RBX=0x00007fa6d15a51a0, RCX=0x0000000000000000, RDX=0x0000000000000000
RSP=0x0000700007c247e0, RBP=0x0000700007c24830, RSI=0x000000001f08000c, RDI=0x0000000000000000
R8 =0x0000000000000000, R9 =0x0000000000000000, R10=0x0000000000000000, R11=0x0000000000000000
R12=0x00007fa6d58d2038, R13=0x00007fa6d92b1530, R14=0x00007fa6d1598960, R15=0x00007fa6d011a310
RIP=0x00007fff230d18b4, EFLAGS=0x0000000000010202, ERR=0x0000000000000000
  TRAPNO=0x0000000000000006

Top of Stack: (sp=0x0000700007c247e0)
0x0000700007c247e0:   00007fa6d1598960 00007fa6d15a51a0
0x0000700007c247f0:   0000700007c24830 00007fff230d10d4
0x0000700007c24800:   00007fa6cf5e9728 00007fa6cf5e9768
0x0000700007c24810:   000000010c9969a8 00007fa6cf4a72d0
0x0000700007c24820:   00007fa6cf4a72d0 00007fa6d011a310
0x0000700007c24830:   0000700007c24860 0000000105b1620f
0x0000700007c24840:   00007fa6cf4a11d0 00007fa6cf4a6680
0x0000700007c24850:   00007fa6cf4a72d0 00007fa6d011a310
0x0000700007c24860:   0000700007c248a0 0000000105b16318
0x0000700007c24870:   0000000000000005 00007fa6d011a310
0x0000700007c24880:   00007fa6d92b1530 000000012fed6d80
0x0000700007c24890:   00007fa6d017fc18 00007fa6d92b1530
0x0000700007c248a0:   0000700007c248e0 0000000105b35481
0x0000700007c248b0:   0000000105b38eee 00007fa6d017fc08
0x0000700007c248c0:   00007fa6d92b1530 000000012fed6d80
0x0000700007c248d0:   00007fa6d017fc18 00007fa6d92b1530
0x0000700007c248e0:   0000700007c24940 0000000105b38f1d
0x0000700007c248f0:   0000000000000016 00007fa6cf5e9700
0x0000700007c24900:   0000000000000001 00007fa6d017fd98
0x0000700007c24910:   00007fa6d011a310 000000012fed6d80
0x0000700007c24920:   0000000000000000 000000012fed6d80
0x0000700007c24930:   0000700007c249f8 00007fa6d011a000
0x0000700007c24940:   0000700007c249c0 00000001158bc6b0
0x0000700007c24950:   0000700007c24980 000000010c735e19
0x0000700007c24960:   00000007001cf2e0 00007fa6d011a000
0x0000700007c24970:   00000007001cf2e0 0000700007c24978
0x0000700007c24980:   0000000000000000 0000700007c249f8
0x0000700007c24990:   000000012fed7fb0 0000000000000000
0x0000700007c249a0:   000000070016acd0 000000012fed6d80
0x0000700007c249b0:   0000000000000000 0000700007c249e0
0x0000700007c249c0:   0000700007c24a48 00000001158b6ef3
0x0000700007c249d0:   0000000000000000 00000001158b9758 

Instructions: (pc=0x00007fff230d18b4)
0x00007fff230d17b4:   3d 3f 9c ab 65 48 8b 35 b0 f0 aa 65 48 89 c2 41
0x00007fff230d17c4:   ff d6 49 89 c6 48 89 df e8 b1 58 7e 00 4c 89 f0
0x00007fff230d17d4:   48 83 c4 10 5b 41 5e 5d c3 90 90 90 90 90 90 90
0x00007fff230d17e4:   90 55 48 89 e5 48 8b 35 e8 2d a9 65 5d ff 25 e9
0x00007fff230d17f4:   d7 57 5d 55 48 89 e5 41 56 53 48 83 ec 40 48 89
0x00007fff230d1804:   d3 49 89 fe 48 85 d2 74 19 e8 24 83 7e 00 85 c0
0x00007fff230d1814:   75 10 48 89 df e8 8f 58 33 00 84 c0 0f 84 82 00
0x00007fff230d1824:   00 00 48 8b 35 53 18 a8 65 4c 89 f7 ff 15 aa d7
0x00007fff230d1834:   57 5d 49 8d 7e 08 e8 1d 81 7e 00 48 39 d8 74 3e
0x00007fff230d1844:   48 8b 0d cd bc 57 5d 48 8d 7d b8 48 89 0f b9 00
0x00007fff230d1854:   00 00 c2 48 89 4f 08 48 8d 0d 63 5a 33 00 48 89
0x00007fff230d1864:   4f 10 48 8d 0d 1b 5d 58 5d 48 89 4f 18 48 89 47
0x00007fff230d1874:   20 4c 89 77 28 48 89 5f 30 e8 08 14 ce ff 31 db
0x00007fff230d1884:   48 8b 35 fd 17 a8 65 4c 89 f7 ff 15 4c d7 57 5d
0x00007fff230d1894:   84 db 75 09 48 83 c4 40 5b 41 5e 5d c3 e8 86 80
0x00007fff230d18a4:   7e 00 0f 0b 48 8d 3d dc 75 90 00 e8 b4 7a 7e 00
0x00007fff230d18b4:   0f 0b 49 89 c6 eb 13 48 89 c7 e8 39 80 7e 00 b3
0x00007fff230d18c4:   01 eb bd 49 89 c6 84 db 74 05 e8 4d 80 7e 00 4c
0x00007fff230d18d4:   89 f7 e8 af 79 7e 00 0f 0b e8 3a 81 7e 00 55 48
0x00007fff230d18e4:   89 e5 41 57 41 56 41 54 53 41 89 f6 48 89 fb 48
0x00007fff230d18f4:   83 c7 08 e8 60 80 7e 00 49 89 c7 48 89 df e8 45
0x00007fff230d1904:   00 00 00 49 89 c4 4c 89 ff 31 f6 e8 88 00 00 00
0x00007fff230d1914:   49 89 c7 45 0f be f6 4d 85 e4 74 0b 48 89 df 44
0x00007fff230d1924:   89 f6 e8 ef 6e 04 00 4d 85 ff 74 13 48 89 df 44
0x00007fff230d1934:   89 f6 5b 41 5c 41 5e 41 5f 5d e9 65 26 04 00 5b
0x00007fff230d1944:   41 5c 41 5e 41 5f 5d c3 55 48 89 e5 41 56 53 48
0x00007fff230d1954:   89 fb 4c 8d 35 53 81 ad 65 4c 89 f7 e8 e3 81 7e
0x00007fff230d1964:   00 48 8b 3d 54 39 ae 65 48 8b 35 1d ed a7 65 48
0x00007fff230d1974:   89 da ff 15 64 d6 57 5d 48 89 c7 ff 15 6b d6 57
0x00007fff230d1984:   5d 48 89 c3 4c 89 f7 e8 be 81 7e 00 48 89 df 5b
0x00007fff230d1994:   41 5e 5d e9 48 7f 7e 00 55 48 89 e5 41 57 41 56
0x00007fff230d19a4:   53 50 41 89 f7 49 89 fe 48 8d 3d bd 80 ad 65 e8 


Stack slot to memory mapping:
stack at sp + 0 slots: 0x00007fa6d1598960 points into unknown readable memory: 85 78 46 88 ff ff 3d 02
stack at sp + 1 slots: 0x00007fa6d15a51a0 points into unknown readable memory: 0f aa 46 88 ff ff 3d 01
stack at sp + 2 slots: 0x0000700007c24830 is pointing into the stack for thread: 0x00007fa6d011a000
stack at sp + 3 slots: 0x00007fff230d10d4: -[NSOpenGLContext makeCurrentContext]+0x11d in /System/Library/Frameworks/AppKit.framework/Versions/C/AppKit at 0x00007fff22d22000
stack at sp + 4 slots: 0x00007fa6cf5e9728 points into unknown readable memory: 5a 54 55 4d 00 00 00 00
stack at sp + 5 slots: 0x00007fa6cf5e9768 points into unknown readable memory: 45 4e 4f 43 00 00 00 00
stack at sp + 6 slots: 0x000000010c9969a8: FilterSpuriousWakeups+0 in /usr/local/Cellar/openjdk/14.0.1/libexec/openjdk.jdk/Contents/Home/lib/server/libjvm.dylib at 0x000000010c000000
stack at sp + 7 slots: 0x00007fa6cf4a72d0 points into unknown readable memory: 60 89 59 d1 a6 7f 00 00


---------------  P R O C E S S  ---------------

Threads class SMR info:
_java_thread_list=0x00007fa6d92e7110, length=19, elements={
0x00007fa6cf808800, 0x00007fa6cf811800, 0x00007fa6cf816000, 0x00007fa6d00e2000,
0x00007fa6d00e6800, 0x00007fa6d00e7000, 0x00007fa6d380b000, 0x00007fa6d6038800,
0x00007fa6d00e4000, 0x00007fa6d7139800, 0x00007fa6cf906000, 0x00007fa6d72d6000,
0x00007fa6cfa4e800, 0x00007fa6d011a000, 0x00007fa6d61ca000, 0x00007fa6d01b2000,
0x00007fa6d590f000, 0x00007fa6d5aef000, 0x00007fa6d1870800
}

Java Threads: ( => current thread )
  0x00007fa6cf808800 JavaThread "Reference Handler" daemon [_thread_blocked, id=18179, stack(0x0000700006963000,0x0000700006a63000)]
  0x00007fa6cf811800 JavaThread "Finalizer" daemon [_thread_blocked, id=17667, stack(0x0000700006a66000,0x0000700006b66000)]
  0x00007fa6cf816000 JavaThread "Signal Dispatcher" daemon [_thread_blocked, id=22531, stack(0x0000700006c6f000,0x0000700006d6f000)]
  0x00007fa6d00e2000 JavaThread "Service Thread" daemon [_thread_blocked, id=42755, stack(0x0000700006d72000,0x0000700006e72000)]
  0x00007fa6d00e6800 JavaThread "C2 CompilerThread0" daemon [_thread_in_vm, id=42499, stack(0x0000700006e75000,0x0000700006f75000)]
  0x00007fa6d00e7000 JavaThread "C1 CompilerThread0" daemon [_thread_in_vm, id=41987, stack(0x0000700006f78000,0x0000700007078000)]
  0x00007fa6d380b000 JavaThread "Sweeper thread" daemon [_thread_blocked, id=23811, stack(0x000070000707b000,0x000070000717b000)]
  0x00007fa6d6038800 JavaThread "Notification Thread" daemon [_thread_blocked, id=24323, stack(0x000070000717e000,0x000070000727e000)]
  0x00007fa6d00e4000 JavaThread "Common-Cleaner" daemon [_thread_blocked, id=40451, stack(0x0000700007384000,0x0000700007484000)]
  0x00007fa6d7139800 JavaThread "AppKit Thread" daemon [_thread_in_native, id=775, stack(0x00007ffeea71a000,0x00007ffeeaf1a000)]
  0x00007fa6cf906000 JavaThread "AWT-Shutdown" [_thread_blocked, id=33803, stack(0x000070000758a000,0x000070000768a000)]
  0x00007fa6d72d6000 JavaThread "Timer-0" daemon [_thread_blocked, id=54027, stack(0x0000700007487000,0x0000700007587000)]
  0x00007fa6cfa4e800 JavaThread "AWT-EventQueue-0" [_thread_blocked, id=74755, stack(0x0000700007a22000,0x0000700007b22000)]
=>0x00007fa6d011a000 JavaThread "Java2D Queue Flusher" daemon [_thread_in_native, id=54795, stack(0x0000700007b25000,0x0000700007c25000)]
  0x00007fa6d61ca000 JavaThread "Java2D Disposer" daemon [_thread_blocked, id=56835, stack(0x0000700007c28000,0x0000700007d28000)]
  0x00007fa6d01b2000 JavaThread "DestroyJavaVM" [_thread_blocked, id=10243, stack(0x000070000624e000,0x000070000634e000)]
  0x00007fa6d590f000 JavaThread "TimerQueue" daemon [_thread_blocked, id=68459, stack(0x0000700007e2e000,0x0000700007f2e000)]
  0x00007fa6d5aef000 JavaThread "SwingWorker-pool-1-thread-1" daemon [_thread_in_Java, id=118547, stack(0x0000700007f31000,0x0000700008031000)]
  0x00007fa6d1870800 JavaThread "C2 CompilerThread1" daemon [_thread_blocked, id=92983, stack(0x0000700008034000,0x0000700008134000)]

Other Threads:
  0x00007fa6d00e0000 VMThread "VM Thread" [stack: 0x0000700006860000,0x0000700006960000] [id=13827]
  0x00007fa6d603b800 WatcherThread [stack: 0x0000700007281000,0x0000700007381000] [id=40963]
  0x00007fa6d183a000 GCTaskThread "GC Thread#0" [stack: 0x0000700006351000,0x0000700006451000] [id=20227]
  0x00007fa6d7318800 GCTaskThread "GC Thread#1" [stack: 0x0000700007d2b000,0x0000700007e2b000] [id=70195]
  0x00007fa6d5029800 GCTaskThread "GC Thread#2" [stack: 0x0000700008137000,0x0000700008237000] [id=69415]
  0x00007fa6d4011000 GCTaskThread "GC Thread#3" [stack: 0x000070000823a000,0x000070000833a000] [id=67075]
  0x00007fa6d61ca800 GCTaskThread "GC Thread#4" [stack: 0x000070000833d000,0x000070000843d000] [id=66563]
  0x00007fa6d608d800 GCTaskThread "GC Thread#5" [stack: 0x0000700008440000,0x0000700008540000] [id=59395]
  0x00007fa6d7319800 GCTaskThread "GC Thread#6" [stack: 0x0000700008543000,0x0000700008643000] [id=65795]
  0x00007fa6d731a000 GCTaskThread "GC Thread#7" [stack: 0x0000700008646000,0x0000700008746000] [id=59651]
  0x00007fa6d184b000 ConcurrentGCThread "G1 Main Marker" [stack: 0x0000700006454000,0x0000700006554000] [id=19715]
  0x00007fa6d0019000 ConcurrentGCThread "G1 Conc#0" [stack: 0x0000700006557000,0x0000700006657000] [id=13315]
  0x00007fa6cfb94000 ConcurrentGCThread "G1 Conc#1" [stack: 0x000070000884c000,0x000070000894c000] [id=91143]
  0x00007fa6d3839800 ConcurrentGCThread "G1 Conc#2" [stack: 0x000070000894f000,0x0000700008a4f000] [id=124951]
  0x00007fa6d00c1800 ConcurrentGCThread "G1 Refine#0" [stack: 0x000070000665a000,0x000070000675a000] [id=19203]
  0x00007fa6d00c2800 ConcurrentGCThread "G1 Young RemSet Sampling" [stack: 0x000070000675d000,0x000070000685d000] [id=18691]

Threads with active compile tasks:
C2 CompilerThread0    11045 3024   !   4       java.util.zip.Inflater::inflate (418 bytes)
C1 CompilerThread0    11045 3019   !   3       java.io.ObjectInputStream::readObject0 (681 bytes)
C2 CompilerThread1    11045 3023   !   4       java.util.zip.InflaterInputStream::read (138 bytes)

VM state:not at safepoint (normal execution)

VM Mutex/Monitor currently owned by a thread:  ([mutex/lock_event])
[0x00007fa6cf50f280] MethodData_lock - owner thread: 0x0000000000000000

Heap address: 0x0000000700000000, size: 4096 MB, Compressed Oops mode: Zero based, Oop shift amount: 3
Narrow klass base: 0x0000000800000000, Narrow klass shift: 3
Compressed class space size: 1073741824 Address: 0x0000000800b19000

Heap:
 garbage-first heap   total 45056K, used 13023K [0x0000000700000000, 0x0000000800000000)
  region size 1024K, 6 young (6144K), 3 survivors (3072K)
 Metaspace       used 24571K, capacity 26368K, committed 26624K, reserved 1071104K
  class space    used 3292K, capacity 4013K, committed 4096K, reserved 1048576K
Heap Regions: E=young(eden), S=young(survivor), O=old, HS=humongous(starts), HC=humongous(continues), CS=collection set, F=free, OA=open archive, CA=closed archive, TAMS=top-at-mark-start (previous, next)
|   0|0x0000000700000000, 0x0000000700100000, 0x0000000700100000|100%| O|  |TAMS 0x0000000700100000, 0x0000000700000000| Untracked 
|   1|0x0000000700100000, 0x0000000700200000, 0x0000000700200000|100%| O|  |TAMS 0x00000007001cf000, 0x0000000700100000| Untracked 
|   2|0x0000000700200000, 0x0000000700300000, 0x0000000700300000|100%| O|  |TAMS 0x0000000700200000, 0x0000000700200000| Untracked 
|   3|0x0000000700300000, 0x0000000700400000, 0x0000000700400000|100%| O|  |TAMS 0x0000000700300000, 0x0000000700300000| Untracked 
|   4|0x0000000700400000, 0x000000070044da00, 0x0000000700500000| 30%| O|  |TAMS 0x0000000700400000, 0x0000000700400000| Untracked 
|   5|0x0000000700500000, 0x0000000700600000, 0x0000000700600000|100%| O|  |TAMS 0x0000000700500000, 0x0000000700500000| Untracked 
|   6|0x0000000700600000, 0x0000000700700000, 0x0000000700700000|100%| O|  |TAMS 0x0000000700600000, 0x0000000700600000| Untracked 
|   7|0x0000000700700000, 0x0000000700800000, 0x0000000700800000|100%| O|  |TAMS 0x0000000700700000, 0x0000000700700000| Untracked 
|   8|0x0000000700800000, 0x0000000700812000, 0x0000000700900000|  7%| O|  |TAMS 0x0000000700800000, 0x0000000700800000| Untracked 
|   9|0x0000000700900000, 0x0000000700900000, 0x0000000700a00000|  0%| F|  |TAMS 0x0000000700900000, 0x0000000700900000| Untracked 
|  10|0x0000000700a00000, 0x0000000700a00000, 0x0000000700b00000|  0%| F|  |TAMS 0x0000000700a00000, 0x0000000700a00000| Untracked 
|  11|0x0000000700b00000, 0x0000000700b00000, 0x0000000700c00000|  0%| F|  |TAMS 0x0000000700b00000, 0x0000000700b00000| Untracked 
|  12|0x0000000700c00000, 0x0000000700c00000, 0x0000000700d00000|  0%| F|  |TAMS 0x0000000700c00000, 0x0000000700c00000| Untracked 
|  13|0x0000000700d00000, 0x0000000700d00000, 0x0000000700e00000|  0%| F|  |TAMS 0x0000000700d00000, 0x0000000700d00000| Untracked 
|  14|0x0000000700e00000, 0x0000000700e00000, 0x0000000700f00000|  0%| F|  |TAMS 0x0000000700e00000, 0x0000000700e00000| Untracked 
|  15|0x0000000700f00000, 0x0000000700f00000, 0x0000000701000000|  0%| F|  |TAMS 0x0000000700f00000, 0x0000000700f00000| Untracked 
|  16|0x0000000701000000, 0x0000000701000000, 0x0000000701100000|  0%| F|  |TAMS 0x0000000701000000, 0x0000000701000000| Untracked 
|  17|0x0000000701100000, 0x0000000701100000, 0x0000000701200000|  0%| F|  |TAMS 0x0000000701100000, 0x0000000701100000| Untracked 
|  18|0x0000000701200000, 0x0000000701200000, 0x0000000701300000|  0%| F|  |TAMS 0x0000000701200000, 0x0000000701200000| Untracked 
|  19|0x0000000701300000, 0x0000000701300000, 0x0000000701400000|  0%| F|  |TAMS 0x0000000701300000, 0x0000000701300000| Untracked 
|  20|0x0000000701400000, 0x0000000701400000, 0x0000000701500000|  0%| F|  |TAMS 0x0000000701400000, 0x0000000701400000| Untracked 
|  21|0x0000000701500000, 0x000000070158a558, 0x0000000701600000| 54%| S|CS|TAMS 0x0000000701500000, 0x0000000701500000| Complete 
|  22|0x0000000701600000, 0x0000000701700000, 0x0000000701700000|100%| S|CS|TAMS 0x0000000701600000, 0x0000000701600000| Complete 
|  23|0x0000000701700000, 0x0000000701800000, 0x0000000701800000|100%| S|CS|TAMS 0x0000000701700000, 0x0000000701700000| Complete 
|  24|0x0000000701800000, 0x0000000701800000, 0x0000000701900000|  0%| F|  |TAMS 0x0000000701800000, 0x0000000701800000| Untracked 
|  25|0x0000000701900000, 0x0000000701900000, 0x0000000701a00000|  0%| F|  |TAMS 0x0000000701900000, 0x0000000701900000| Untracked 
|  26|0x0000000701a00000, 0x0000000701a00000, 0x0000000701b00000|  0%| F|  |TAMS 0x0000000701a00000, 0x0000000701a00000| Untracked 
|  27|0x0000000701b00000, 0x0000000701b00000, 0x0000000701c00000|  0%| F|  |TAMS 0x0000000701b00000, 0x0000000701b00000| Untracked 
|  28|0x0000000701c00000, 0x0000000701c00000, 0x0000000701d00000|  0%| F|  |TAMS 0x0000000701c00000, 0x0000000701c00000| Untracked 
|  29|0x0000000701d00000, 0x0000000701d00000, 0x0000000701e00000|  0%| F|  |TAMS 0x0000000701d00000, 0x0000000701d00000| Untracked 
|  30|0x0000000701e00000, 0x0000000701e00000, 0x0000000701f00000|  0%| F|  |TAMS 0x0000000701e00000, 0x0000000701e00000| Untracked 
|  31|0x0000000701f00000, 0x0000000701f00000, 0x0000000702000000|  0%| F|  |TAMS 0x0000000701f00000, 0x0000000701f00000| Untracked 
|  32|0x0000000702000000, 0x0000000702000000, 0x0000000702100000|  0%| F|  |TAMS 0x0000000702000000, 0x0000000702000000| Untracked 
|  33|0x0000000702100000, 0x0000000702100000, 0x0000000702200000|  0%| F|  |TAMS 0x0000000702100000, 0x0000000702100000| Untracked 
|  34|0x0000000702200000, 0x0000000702200000, 0x0000000702300000|  0%| F|  |TAMS 0x0000000702200000, 0x0000000702200000| Untracked 
|  35|0x0000000702300000, 0x0000000702300000, 0x0000000702400000|  0%| F|  |TAMS 0x0000000702300000, 0x0000000702300000| Untracked 
| 220|0x000000070dc00000, 0x000000070dc00000, 0x000000070dd00000|  0%| F|  |TAMS 0x000000070dc00000, 0x000000070dc00000| Untracked 
| 221|0x000000070dd00000, 0x000000070dd00000, 0x000000070de00000|  0%| F|  |TAMS 0x000000070dd00000, 0x000000070dd00000| Untracked 
| 222|0x000000070de00000, 0x000000070de00000, 0x000000070df00000|  0%| F|  |TAMS 0x000000070de00000, 0x000000070de00000| Untracked 
| 223|0x000000070df00000, 0x000000070df2ce78, 0x000000070e000000| 17%| E|  |TAMS 0x000000070df00000, 0x000000070df00000| Complete 
| 254|0x000000070fe00000, 0x000000070ff00000, 0x000000070ff00000|100%| E|CS|TAMS 0x000000070fe00000, 0x000000070fe00000| Complete 
| 255|0x000000070ff00000, 0x0000000710000000, 0x0000000710000000|100%| E|CS|TAMS 0x000000070ff00000, 0x000000070ff00000| Complete 
|3070|0x00000007bfe00000, 0x00000007bfe52000, 0x00000007bff00000| 32%|OA|  |TAMS 0x00000007bfe52000, 0x00000007bfe00000| Untracked 
|3071|0x00000007bff00000, 0x00000007bff7c000, 0x00000007c0000000| 48%|CA|  |TAMS 0x00000007bff7c000, 0x00000007bff00000| Untracked 

Card table byte_map: [0x00000001248ad000,0x00000001250ad000] _byte_map_base: 0x00000001210ad000

Marking Bits (Prev, Next): (CMBitMap*) 0x00007fa6d180a858, (CMBitMap*) 0x00007fa6d180a818
 Prev Bits: [0x00000001298ad000, 0x000000012d8ad000)
 Next Bits: [0x00000001258ad000, 0x00000001298ad000)

Polling page: 0x0000000104cf0000

Metaspace:

Usage:
  Non-class:     21.83 MB capacity,    20.79 MB ( 95%) used,   876.01 KB (  4%) free+waste,   191.38 KB ( <1%) overhead. 
      Class:      3.92 MB capacity,     3.22 MB ( 82%) used,   620.02 KB ( 15%) free+waste,   100.19 KB (  2%) overhead. 
       Both:     25.75 MB capacity,    24.00 MB ( 93%) used,     1.46 MB (  6%) free+waste,   291.56 KB (  1%) overhead. 

Virtual space:
  Non-class space:       22.00 MB reserved,      22.00 MB (100%) committed 
      Class space:        1.00 GB reserved,       4.00 MB ( <1%) committed 
             Both:        1.02 GB reserved,      26.00 MB (  2%) committed 

Chunk freelists:
   Non-Class:  41.00 KB
       Class:  0 bytes
        Both:  41.00 KB

MaxMetaspaceSize: unlimited
CompressedClassSpaceSize: 1.00 GB

CodeHeap 'non-profiled nmethods': size=120028Kb used=1266Kb max_used=1266Kb free=118762Kb
 bounds [0x000000011d376000, 0x000000011d5e6000, 0x00000001248ad000]
CodeHeap 'profiled nmethods': size=120028Kb used=6272Kb max_used=6272Kb free=113755Kb
 bounds [0x0000000115e3f000, 0x000000011646f000, 0x000000011d376000]
CodeHeap 'non-nmethods': size=5704Kb used=1413Kb max_used=1460Kb free=4290Kb
 bounds [0x00000001158ad000, 0x0000000115b1d000, 0x0000000115e3f000]
 total_blobs=4477 nmethods=3015 adapters=647
 compilation: enabled
              stopped_count=0, restarted_count=0
 full_count=0

Compilation events (20 events):
Event: 11.023 Thread 0x00007fa6d00e7000 nmethod 2964 0x0000000116444090 code [0x0000000116444240, 0x0000000116444460]
Event: 11.023 Thread 0x00007fa6d00e7000 2965       3       java.io.ObjectInputStream$PeekInputStream::peek (49 bytes)
Event: 11.023 Thread 0x00007fa6d00e7000 nmethod 2965 0x0000000116444590 code [0x0000000116444740, 0x0000000116444a00]
Event: 11.023 Thread 0x00007fa6d00e7000 2967       3       java.lang.Class::copyConstructors (38 bytes)
Event: 11.024 Thread 0x00007fa6d00e7000 nmethod 2967 0x0000000116444b10 code [0x0000000116444d80, 0x0000000116445950]
Event: 11.024 Thread 0x00007fa6d00e7000 2968       3       java.io.ObjectStreamClass::requireInitialized (19 bytes)
Event: 11.024 Thread 0x00007fa6d00e7000 nmethod 2968 0x0000000116445d90 code [0x0000000116445f40, 0x0000000116446180]
Event: 11.024 Thread 0x00007fa6d00e7000 2966       1       java.lang.reflect.Constructor::getModifiers (5 bytes)
Event: 11.024 Thread 0x00007fa6d00e7000 nmethod 2966 0x000000011d4ac910 code [0x000000011d4acaa0, 0x000000011d4acb70]
Event: 11.024 Thread 0x00007fa6d00e7000 2971       3       java.lang.ReflectiveOperationException::<init> (6 bytes)
Event: 11.024 Thread 0x00007fa6d00e7000 nmethod 2971 0x0000000116446290 code [0x0000000116446440, 0x00000001164465e0]
Event: 11.025 Thread 0x00007fa6d00e7000 2972       3       java.lang.Class::getDeclaredMethod (63 bytes)
Event: 11.026 Thread 0x00007fa6d00e7000 nmethod 2972 0x0000000116446690 code [0x0000000116446960, 0x0000000116447610]
Event: 11.026 Thread 0x00007fa6d00e7000 2973       3       java.awt.Rectangle::isEmpty (20 bytes)
Event: 11.026 Thread 0x00007fa6d00e7000 nmethod 2973 0x0000000116447b10 code [0x0000000116447ca0, 0x0000000116447e50]
Event: 11.026 Thread 0x00007fa6d00e7000 2974       3       javax.swing.SwingUtilities::computeIntersection (189 bytes)
Event: 11.026 Thread 0x00007fa6d00e7000 nmethod 2974 0x0000000116447f10 code [0x00000001164480a0, 0x0000000116448390]
Event: 11.026 Thread 0x00007fa6d00e7000 2975       3       com.apple.laf.AquaImageFactory$SystemColorProxy::getRGB (8 bytes)
Event: 11.026 Thread 0x00007fa6d00e7000 nmethod 2975 0x0000000116448490 code [0x0000000116448620, 0x0000000116448800]
Event: 11.026 Thread 0x00007fa6d00e7000 2976       3       java.util.concurrent.locks.AbstractQueuedSynchronizer::releaseShared (19 bytes)

GC Heap History (8 events):
Event: 0.810 GC heap before
{Heap before GC invocations=0 (full 0):
 garbage-first heap   total 264192K, used 23352K [0x0000000700000000, 0x0000000800000000)
  region size 1024K, 23 young (23552K), 0 survivors (0K)
 Metaspace       used 10835K, capacity 11205K, committed 11520K, reserved 1058816K
  class space    used 1331K, capacity 1480K, committed 1536K, reserved 1048576K
}
Event: 0.815 GC heap after
{Heap after GC invocations=1 (full 0):
 garbage-first heap   total 264192K, used 5748K [0x0000000700000000, 0x0000000800000000)
  region size 1024K, 3 young (3072K), 3 survivors (3072K)
 Metaspace       used 10835K, capacity 11205K, committed 11520K, reserved 1058816K
  class space    used 1331K, capacity 1480K, committed 1536K, reserved 1048576K
}
Event: 2.054 GC heap before
{Heap before GC invocations=1 (full 0):
 garbage-first heap   total 264192K, used 33396K [0x0000000700000000, 0x0000000800000000)
  region size 1024K, 32 young (32768K), 3 survivors (3072K)
 Metaspace       used 20379K, capacity 21089K, committed 21248K, reserved 1067008K
  class space    used 2526K, capacity 2809K, committed 2816K, reserved 1048576K
}
Event: 2.058 GC heap after
{Heap after GC invocations=2 (full 0):
 garbage-first heap   total 264192K, used 9003K [0x0000000700000000, 0x0000000800000000)
  region size 1024K, 4 young (4096K), 4 survivors (4096K)
 Metaspace       used 20379K, capacity 21089K, committed 21248K, reserved 1067008K
  class space    used 2526K, capacity 2809K, committed 2816K, reserved 1048576K
}
Event: 2.365 GC heap before
{Heap before GC invocations=3 (full 0):
 garbage-first heap   total 45056K, used 31531K [0x0000000700000000, 0x0000000800000000)
  region size 1024K, 26 young (26624K), 4 survivors (4096K)
 Metaspace       used 22991K, capacity 24662K, committed 24832K, reserved 1071104K
  class space    used 3116K, capacity 3821K, committed 3840K, reserved 1048576K
}
Event: 2.369 GC heap after
{Heap after GC invocations=4 (full 0):
 garbage-first heap   total 45056K, used 9798K [0x0000000700000000, 0x0000000800000000)
  region size 1024K, 2 young (2048K), 2 survivors (2048K)
 Metaspace       used 22991K, capacity 24662K, committed 24832K, reserved 1071104K
  class space    used 3116K, capacity 3821K, committed 3840K, reserved 1048576K
}
Event: 11.009 GC heap before
{Heap before GC invocations=4 (full 0):
 garbage-first heap   total 45056K, used 28230K [0x0000000700000000, 0x0000000800000000)
  region size 1024K, 20 young (20480K), 2 survivors (2048K)
 Metaspace       used 24383K, capacity 26134K, committed 26368K, reserved 1071104K
  class space    used 3272K, capacity 3985K, committed 4096K, reserved 1048576K
}
Event: 11.011 GC heap after
{Heap after GC invocations=5 (full 0):
 garbage-first heap   total 45056K, used 10975K [0x0000000700000000, 0x0000000800000000)
  region size 1024K, 3 young (3072K), 3 survivors (3072K)
 Metaspace       used 24383K, capacity 26134K, committed 26368K, reserved 1071104K
  class space    used 3272K, capacity 3985K, committed 4096K, reserved 1048576K
}

Deoptimization events (20 events):
Event: 8.819 Thread 0x00007fa6d7139800 Uncommon trap: trap_request=0xffffffc6 fr.pc=0x000000011d48afe0 relative=0x00000000000004e0
Event: 8.819 Thread 0x00007fa6d7139800 Uncommon trap: reason=bimorphic_or_optimized_type_check action=maybe_recompile pc=0x000000011d48afe0 method=java.util.stream.AbstractPipeline.copyIntoWithCancel(Ljava/util/stream/Sink;Ljava/util/Spliterator;)Z @ 19 c2
Event: 8.820 Thread 0x00007fa6d7139800 DEOPT PACKING pc=0x000000011d48afe0 sp=0x00007ffeeaf12710
Event: 8.820 Thread 0x00007fa6d7139800 DEOPT UNPACKING pc=0x00000001158f5e25 sp=0x00007ffeeaf12608 mode 2
Event: 8.820 Thread 0x00007fa6d7139800 Uncommon trap: trap_request=0xffffffc6 fr.pc=0x000000011d48afe0 relative=0x00000000000004e0
Event: 8.820 Thread 0x00007fa6d7139800 Uncommon trap: reason=bimorphic_or_optimized_type_check action=maybe_recompile pc=0x000000011d48afe0 method=java.util.stream.AbstractPipeline.copyIntoWithCancel(Ljava/util/stream/Sink;Ljava/util/Spliterator;)Z @ 19 c2
Event: 8.820 Thread 0x00007fa6d7139800 DEOPT PACKING pc=0x000000011d48afe0 sp=0x00007ffeeaf12710
Event: 8.820 Thread 0x00007fa6d7139800 DEOPT UNPACKING pc=0x00000001158f5e25 sp=0x00007ffeeaf12608 mode 2
Event: 8.820 Thread 0x00007fa6d7139800 Uncommon trap: trap_request=0xffffffc6 fr.pc=0x000000011d48afe0 relative=0x00000000000004e0
Event: 8.820 Thread 0x00007fa6d7139800 Uncommon trap: reason=bimorphic_or_optimized_type_check action=maybe_recompile pc=0x000000011d48afe0 method=java.util.stream.AbstractPipeline.copyIntoWithCancel(Ljava/util/stream/Sink;Ljava/util/Spliterator;)Z @ 19 c2
Event: 8.820 Thread 0x00007fa6d7139800 DEOPT PACKING pc=0x000000011d48afe0 sp=0x00007ffeeaf12710
Event: 8.820 Thread 0x00007fa6d7139800 DEOPT UNPACKING pc=0x00000001158f5e25 sp=0x00007ffeeaf12608 mode 2
Event: 8.820 Thread 0x00007fa6d7139800 Uncommon trap: trap_request=0xffffffc6 fr.pc=0x000000011d48da3c relative=0x000000000000037c
Event: 8.820 Thread 0x00007fa6d7139800 Uncommon trap: reason=bimorphic_or_optimized_type_check action=maybe_recompile pc=0x000000011d48da3c method=java.util.stream.AbstractPipeline.copyIntoWithCancel(Ljava/util/stream/Sink;Ljava/util/Spliterator;)Z @ 19 c2
Event: 8.820 Thread 0x00007fa6d7139800 DEOPT PACKING pc=0x000000011d48da3c sp=0x00007ffeeaf126b0
Event: 8.820 Thread 0x00007fa6d7139800 DEOPT UNPACKING pc=0x00000001158f5e25 sp=0x00007ffeeaf12608 mode 2
Event: 10.862 Thread 0x00007fa6cfa4e800 Uncommon trap: trap_request=0xffffffde fr.pc=0x000000011d42ec44 relative=0x0000000000000d04
Event: 10.862 Thread 0x00007fa6cfa4e800 Uncommon trap: reason=class_check action=maybe_recompile pc=0x000000011d42ec44 method=java.util.Spliterators$ArraySpliterator.tryAdvance(Ljava/util/function/Consumer;)Z @ 49 c2
Event: 10.862 Thread 0x00007fa6cfa4e800 DEOPT PACKING pc=0x000000011d42ec44 sp=0x0000700007b20670
Event: 10.862 Thread 0x00007fa6cfa4e800 DEOPT UNPACKING pc=0x00000001158f5e25 sp=0x0000700007b20650 mode 2

Classes unloaded (0 events):
No events

Classes redefined (0 events):
No events

Internal exceptions (20 events):
Event: 1.600 Thread 0x00007fa6cfa4e800 Exception <a 'java/lang/NoSuchMethodError'{0x000000070f96a300}: 'void java.lang.invoke.DirectMethodHandle$Holder.invokeVirtual(java.lang.Object, java.lang.Object, float)'> (0x000000070f96a300) 
thrown [./src/hotspot/share/interpreter/linkResolver.cpp, line 766]
Event: 1.637 Thread 0x00007fa6cfa4e800 Exception <a 'java/lang/NoSuchMethodError'{0x000000070f716f20}: 'void java.lang.invoke.DirectMethodHandle$Holder.invokeStatic(java.lang.Object, java.lang.Object, java.lang.Object, java.lang.Object)'> (0x000000070f716f20) 
thrown [./src/hotspot/share/interpreter/linkResolver.cpp, line 766]
Event: 1.646 Thread 0x00007fa6cfa4e800 Exception <a 'java/lang/NoSuchMethodError'{0x000000070f735540}: 'java.lang.Object java.lang.invoke.Invokers$Holder.linkToTargetMethod(java.lang.Object, java.lang.Object, int, java.lang.Object, java.lang.Object)'> (0x000000070f735540) 
thrown [./src/hotspot/share/interpreter/linkResolver.cpp, line 766]
Event: 1.671 Thread 0x00007fa6cfa4e800 Exception <a 'java/lang/NoSuchMethodError'{0x000000070f738e00}: 'void java.lang.invoke.DirectMethodHandle$Holder.invokeStatic(java.lang.Object, int, long)'> (0x000000070f738e00) 
thrown [./src/hotspot/share/interpreter/linkResolver.cpp, line 766]
Event: 1.674 Thread 0x00007fa6cfa4e800 Exception <a 'java/lang/NoSuchMethodError'{0x000000070f74dca0}: 'java.lang.Object java.lang.invoke.Invokers$Holder.linkToTargetMethod(int, int, int, int, java.lang.Object)'> (0x000000070f74dca0) 
thrown [./src/hotspot/share/interpreter/linkResolver.cpp, line 766]
Event: 1.675 Thread 0x00007fa6cfa4e800 Exception <a 'java/lang/NoSuchMethodError'{0x000000070f750a70}: 'void java.lang.invoke.DirectMethodHandle$Holder.invokeStatic(java.lang.Object, java.lang.Object, long)'> (0x000000070f750a70) 
thrown [./src/hotspot/share/interpreter/linkResolver.cpp, line 766]
Event: 1.683 Thread 0x00007fa6d7139800 Exception <a 'java/lang/NoSuchMethodError'{0x000000070f772e10}: 'void java.lang.invoke.DirectMethodHandle$Holder.invokeSpecial(java.lang.Object, java.lang.Object, long)'> (0x000000070f772e10) 
thrown [./src/hotspot/share/interpreter/linkResolver.cpp, line 766]
Event: 1.721 Thread 0x00007fa6d7139800 Exception <a 'java/lang/NoSuchMethodError'{0x000000070f77d948}: 'void java.lang.invoke.DirectMethodHandle$Holder.invokeStatic(java.lang.Object, long)'> (0x000000070f77d948) 
thrown [./src/hotspot/share/interpreter/linkResolver.cpp, line 766]
Event: 1.793 Thread 0x00007fa6cfa4e800 Exception <a 'java/lang/NoSuchMethodError'{0x000000070f555a90}: 'void java.lang.invoke.DirectMethodHandle$Holder.invokeStatic(java.lang.Object, long, long)'> (0x000000070f555a90) 
thrown [./src/hotspot/share/interpreter/linkResolver.cpp, line 766]
Event: 1.794 Thread 0x00007fa6cfa4e800 Exception <a 'java/lang/NoSuchMethodError'{0x000000070f564e68}: 'java.lang.Object java.lang.invoke.Invokers$Holder.linkToTargetMethod(java.lang.Object, int, java.lang.Object)'> (0x000000070f564e68) 
thrown [./src/hotspot/share/interpreter/linkResolver.cpp, line 766]
Event: 1.822 Thread 0x00007fa6d61fe800 Exception <a 'java/lang/NoSuchMethodError'{0x000000070f22e4a8}: 'java.lang.Object java.lang.invoke.DirectMethodHandle$Holder.newInvokeSpecial(java.lang.Object, java.lang.Object, java.lang.Object, java.lang.Object)'> (0x000000070f22e4a8) 
thrown [./src/hotspot/share/interpreter/linkResolver.cpp, line 766]
Event: 1.902 Thread 0x00007fa6d61fe800 Exception <a 'java/lang/NoSuchMethodError'{0x000000070eefc008}: 'void java.lang.invoke.DirectMethodHandle$Holder.invokeSpecial(java.lang.Object, java.lang.Object, java.lang.Object, java.lang.Object, java.lang.Object)'> (0x000000070eefc008) 
thrown [./src/hotspot/share/interpreter/linkResolver.cpp, line 766]
Event: 1.903 Thread 0x00007fa6d61fe800 Exception <a 'java/io/FileNotFoundException'{0x000000070ed16de8}> (0x000000070ed16de8) 
thrown [./src/hotspot/share/prims/jni.cpp, line 599]
Event: 2.082 Thread 0x00007fa6d61fe800 Exception <a 'java/lang/NoSuchMethodError'{0x00000007023018f8}: 'int java.lang.invoke.DirectMethodHandle$Holder.invokeStatic(java.lang.Object, java.lang.Object, java.lang.Object, java.lang.Object, java.lang.Object)'> (0x00000007023018f8) 
thrown [./src/hotspot/share/interpreter/linkResolver.cpp, line 766]
Event: 2.083 Thread 0x00007fa6d61fe800 Exception <a 'java/lang/NoSuchMethodError'{0x00000007023087b8}: 'int java.lang.invoke.DirectMethodHandle$Holder.invokeStaticInit(java.lang.Object, java.lang.Object)'> (0x00000007023087b8) 
thrown [./src/hotspot/share/interpreter/linkResolver.cpp, line 766]
Event: 2.104 Thread 0x00007fa6d61fe800 Exception <a 'java/lang/NoSuchMethodError'{0x0000000702232dd0}: 'java.lang.Object java.lang.invoke.DirectMethodHandle$Holder.invokeVirtual(java.lang.Object, java.lang.Object, int)'> (0x0000000702232dd0) 
thrown [./src/hotspot/share/interpreter/linkResolver.cpp, line 766]
Event: 2.120 Thread 0x00007fa6d61fe800 Exception <a 'java/lang/NoSuchMethodError'{0x0000000702117808}: 'void java.lang.invoke.DirectMethodHandle$Holder.invokeSpecial(java.lang.Object, java.lang.Object, int)'> (0x0000000702117808) 
thrown [./src/hotspot/share/interpreter/linkResolver.cpp, line 766]
Event: 2.163 Thread 0x00007fa6d61fe800 Exception <a 'java/lang/NoSuchMethodError'{0x0000000701e115e0}: 'void java.lang.invoke.DirectMethodHandle$Holder.invokeVirtual(java.lang.Object, java.lang.Object, int)'> (0x0000000701e115e0) 
thrown [./src/hotspot/share/interpreter/linkResolver.cpp, line 766]
Event: 2.335 Thread 0x00007fa6d61fe800 Exception <a 'java/lang/NoSuchMethodError'{0x000000070134b9f8}: 'java.lang.Object java.lang.invoke.DirectMethodHandle$Holder.invokeStatic(java.lang.Object, int, java.lang.Object, java.lang.Object)'> (0x000000070134b9f8) 
thrown [./src/hotspot/share/interpreter/linkResolver.cpp, line 766]
Event: 2.340 Thread 0x00007fa6d61fe800 Exception <a 'java/lang/NoSuchMethodError'{0x000000070137a7a0}: 'int java.lang.invoke.DirectMethodHandle$Holder.invokeSpecialIFC(java.lang.Object, java.lang.Object, java.lang.Object, java.lang.Object)'> (0x000000070137a7a0) 
thrown [./src/hotspot/share/interpreter/linkResolver.cpp, line 766]

Events (20 events):
Event: 11.006 loading class java/util/ArrayList$ListItr
Event: 11.006 loading class java/util/ArrayList$ListItr done
Event: 11.006 Executing VM operation: HandshakeAllThreads
Event: 11.006 Executing VM operation: HandshakeAllThreads done
Event: 11.009 Executing VM operation: G1CollectForAllocation
Event: 11.011 Executing VM operation: G1CollectForAllocation done
Event: 11.011 Executing VM operation: HandshakeOneThread
Event: 11.012 Executing VM operation: HandshakeOneThread done
Event: 11.014 Executing VM operation: BulkRevokeBias
Event: 11.014 Executing VM operation: BulkRevokeBias done
Event: 11.018 loading class java/util/function/UnaryOperator
Event: 11.018 loading class java/util/function/UnaryOperator done
Event: 11.023 Executing VM operation: BulkRevokeBias
Event: 11.023 Executing VM operation: BulkRevokeBias done
Event: 11.023 loading class javax/swing/Timer$1
Event: 11.023 loading class javax/swing/Timer$1 done
Event: 11.025 loading class com/apple/laf/AquaProgressBarUI$Animator
Event: 11.025 loading class com/apple/laf/AquaProgressBarUI$Animator done
Event: 11.025 Executing VM operation: HandshakeOneThread
Event: 11.025 Executing VM operation: HandshakeOneThread done


Dynamic libraries:
0x00007fff2a584000 	/usr/lib/libz.1.dylib
0x0000000104cf2000 	/usr/local/Cellar/openjdk/14.0.1/libexec/openjdk.jdk/Contents/Home/lib/libjli.dylib
0x00007fff350d6000 	/System/Library/Frameworks/Cocoa.framework/Versions/A/Cocoa
0x00007fff222fb000 	/System/Library/Frameworks/Security.framework/Versions/A/Security
0x00007fff332d3000 	/System/Library/Frameworks/ApplicationServices.framework/Versions/A/ApplicationServices
0x00007fff2a64c000 	/usr/lib/libSystem.B.dylib
0x00007fff2a646000 	/usr/lib/system/libcache.dylib
0x00007fff2a602000 	/usr/lib/system/libcommonCrypto.dylib
0x00007fff2a62c000 	/usr/lib/system/libcompiler_rt.dylib
0x00007fff2a621000 	/usr/lib/system/libcopyfile.dylib
0x00007fff201cf000 	/usr/lib/system/libcorecrypto.dylib
0x00007fff2029c000 	/usr/lib/system/libdispatch.dylib
0x00007fff20450000 	/usr/lib/system/libdyld.dylib
0x00007fff2a63d000 	/usr/lib/system/libkeymgr.dylib
0x00007fff2da85000 	/usr/lib/system/liblaunch.dylib
0x00007fff2a5e0000 	/usr/lib/system/libmacho.dylib
0x00007fff29dfa000 	/usr/lib/system/libquarantine.dylib
0x00007fff2a63a000 	/usr/lib/system/libremovefile.dylib
0x00007fff24c92000 	/usr/lib/system/libsystem_asl.dylib
0x00007fff2017f000 	/usr/lib/system/libsystem_blocks.dylib
0x00007fff2031d000 	/usr/lib/system/libsystem_c.dylib
0x00007fff2a634000 	/usr/lib/system/libsystem_collections.dylib
0x00007fff290ee000 	/usr/lib/system/libsystem_configuration.dylib
0x00007fff283e1000 	/usr/lib/system/libsystem_containermanager.dylib
0x00007fff2a37c000 	/usr/lib/system/libsystem_coreservices.dylib
0x00007fff228af000 	/usr/lib/system/libsystem_darwin.dylib
0x00007fff2a63e000 	/usr/lib/system/libsystem_dnssd.dylib
0x00007fff2031a000 	/usr/lib/system/libsystem_featureflags.dylib
0x00007fff20495000 	/usr/lib/system/libsystem_info.dylib
0x00007fff2a597000 	/usr/lib/system/libsystem_m.dylib
0x00007fff2026f000 	/usr/lib/system/libsystem_malloc.dylib
0x00007fff24c26000 	/usr/lib/system/libsystem_networkextension.dylib
0x00007fff22cca000 	/usr/lib/system/libsystem_notify.dylib
0x00007fff2ff39000 	/usr/lib/system/libsystem_product_info_filter.dylib
0x00007fff290f2000 	/usr/lib/system/libsystem_sandbox.dylib
0x00007fff2a637000 	/usr/lib/system/libsystem_secinit.dylib
0x00007fff20415000 	/usr/lib/system/libsystem_kernel.dylib
0x00007fff2048b000 	/usr/lib/system/libsystem_platform.dylib
0x00007fff20444000 	/usr/lib/system/libsystem_pthread.dylib
0x00007fff26391000 	/usr/lib/system/libsystem_symptoms.dylib
0x00007fff201b7000 	/usr/lib/system/libsystem_trace.dylib
0x00007fff2a60e000 	/usr/lib/system/libunwind.dylib
0x00007fff20181000 	/usr/lib/system/libxpc.dylib
0x00007fff203fc000 	/usr/lib/libc++abi.dylib
0x00007fff202e1000 	/usr/lib/libobjc.A.dylib
0x00007fff2a619000 	/usr/lib/liboah.dylib
0x00007fff203a6000 	/usr/lib/libc++.1.dylib
0x00007fff204c1000 	/System/Library/Frameworks/CoreFoundation.framework/Versions/A/CoreFoundation
0x00007fff2126e000 	/System/Library/Frameworks/Foundation.framework/Versions/C/Foundation
0x00007fff22d22000 	/System/Library/Frameworks/AppKit.framework/Versions/C/AppKit
0x00007fff25bba000 	/System/Library/Frameworks/CoreData.framework/Versions/A/CoreData
0x00007fff23a85000 	/System/Library/PrivateFrameworks/UIFoundation.framework/Versions/A/UIFoundation
0x00007fff2fcb2000 	/System/Library/PrivateFrameworks/RemoteViewServices.framework/Versions/A/RemoteViewServices
0x00007fff28aab000 	/System/Library/PrivateFrameworks/XCTTargetBootstrap.framework/Versions/A/XCTTargetBootstrap
0x00007fff2b78c000 	/usr/lib/libspindump.dylib
0x00007fff23cda000 	/System/Library/Frameworks/UniformTypeIdentifiers.framework/Versions/A/UniformTypeIdentifiers
0x00007fff27281000 	/usr/lib/libapp_launch_measurement.dylib
0x00007fff27284000 	/System/Library/PrivateFrameworks/CoreAutoLayout.framework/Versions/A/CoreAutoLayout
0x00007fff2840d000 	/System/Library/Frameworks/Metal.framework/Versions/A/Metal
0x00007fff290fd000 	/usr/lib/liblangid.dylib
0x00007fff28aaf000 	/System/Library/PrivateFrameworks/CoreSVG.framework/Versions/A/CoreSVG
0x00007fff24cc1000 	/System/Library/PrivateFrameworks/SkyLight.framework/Versions/A/SkyLight
0x00007fff25028000 	/System/Library/Frameworks/CoreGraphics.framework/Versions/A/CoreGraphics
0x00007fff30309000 	/System/Library/Frameworks/Accelerate.framework/Versions/A/Accelerate
0x00007fff2b1c7000 	/System/Library/PrivateFrameworks/IconServices.framework/Versions/A/IconServices
0x00007fff283f2000 	/System/Library/Frameworks/IOSurface.framework/Versions/A/IOSurface
0x00007fff26543000 	/usr/lib/libDiagnosticMessagesClient.dylib
0x00007fff28a97000 	/System/Library/PrivateFrameworks/DFRFoundation.framework/Versions/A/DFRFoundation
0x00007fff2264d000 	/usr/lib/libicucore.A.dylib
0x00007fff2ccd3000 	/System/Library/Frameworks/AudioToolbox.framework/Versions/A/AudioToolbox
0x00007fff2bf78000 	/System/Library/PrivateFrameworks/DataDetectorsCore.framework/Versions/A/DataDetectorsCore
0x00007fff28797000 	/System/Library/Frameworks/Carbon.framework/Versions/A/Frameworks/HIToolbox.framework/Versions/A/HIToolbox
0x00007fff26cdc000 	/System/Library/Frameworks/QuartzCore.framework/Versions/A/QuartzCore
0x00007fff2fcee000 	/System/Library/Frameworks/Carbon.framework/Versions/A/Frameworks/SpeechRecognition.framework/Versions/A/SpeechRecognition
0x00007fff26fe9000 	/System/Library/PrivateFrameworks/CoreUI.framework/Versions/A/CoreUI
0x00007fff21c56000 	/System/Library/Frameworks/CoreAudio.framework/Versions/A/CoreAudio
0x00007fff2662e000 	/System/Library/Frameworks/DiskArbitration.framework/Versions/A/DiskArbitration
0x00007fff2bb87000 	/System/Library/PrivateFrameworks/MultitouchSupport.framework/Versions/A/MultitouchSupport
0x00007fff2bf6f000 	/System/Library/PrivateFrameworks/InternationalSupport.framework/Versions/A/InternationalSupport
0x00007fff24c35000 	/usr/lib/libenergytrace.dylib
0x00007fff22c1b000 	/System/Library/Frameworks/IOKit.framework/Versions/A/IOKit
0x00007fff3003b000 	/System/Library/Frameworks/CoreServices.framework/Versions/A/CoreServices
0x00007fff27217000 	/System/Library/PrivateFrameworks/PerformanceAnalysis.framework/Versions/A/PerformanceAnalysis
0x00007fff6c9a5000 	/System/Library/Frameworks/OpenGL.framework/Versions/A/OpenGL
0x00007fff2bff4000 	/System/Library/PrivateFrameworks/UserActivity.framework/Versions/A/UserActivity
0x00007fff256bc000 	/System/Library/Frameworks/ColorSync.framework/Versions/A/ColorSync
0x00007fff28d14000 	/System/Library/Frameworks/CoreImage.framework/Versions/A/CoreImage
0x00007fff21a6d000 	/System/Library/Frameworks/CoreText.framework/Versions/A/CoreText
0x00007fff28ad9000 	/System/Library/Frameworks/ImageIO.framework/Versions/A/ImageIO
0x00007fff2a652000 	/System/Library/PrivateFrameworks/SoftLinking.framework/Versions/A/SoftLinking
0x00007fff272cd000 	/usr/lib/libxml2.2.dylib
0x00007fff2a8c4000 	/usr/lib/libcompression.dylib
0x00007fff24c36000 	/usr/lib/libMobileGestalt.dylib
0x00007fff2bea2000 	/System/Library/PrivateFrameworks/TextureIO.framework/Versions/A/TextureIO
0x00007fff2aeea000 	/usr/lib/libate.dylib
0x00007fff2accf000 	/usr/lib/liblzma.5.dylib
0x00007fff20f82000 	/System/Library/Frameworks/SystemConfiguration.framework/Versions/A/SystemConfiguration
0x00007fff2a64e000 	/usr/lib/libfakelink.dylib
0x00007fff24788000 	/System/Library/Frameworks/CFNetwork.framework/Versions/A/CFNetwork
0x00007fff2a78e000 	/usr/lib/libarchive.2.dylib
0x00007fff21000000 	/usr/lib/libCRFSuite.dylib
0x00007fff29e21000 	/usr/lib/libbsm.0.dylib
0x00007fff24144000 	/usr/lib/libnetwork.dylib
0x00007fff2a653000 	/usr/lib/libpcap.A.dylib
0x00007fff2638a000 	/usr/lib/libdns_services.dylib
0x00007fff2ace8000 	/usr/lib/libcoretls_cfhelpers.dylib
0x00007fff2a892000 	/usr/lib/libapple_nghttp2.dylib
0x00007fff2a5e6000 	/usr/lib/system/libkxld.dylib
0x00007fff25ff0000 	/usr/lib/libsqlite3.dylib
0x00007fff2a35e000 	/System/Library/PrivateFrameworks/AppleFSCompression.framework/Versions/A/AppleFSCompression
0x00007fff29e09000 	/usr/lib/libcoretls.dylib
0x00007fff2a8bf000 	/usr/lib/libpam.2.dylib
0x00007fff2ade5000 	/usr/lib/libxar.1.dylib
0x00007fff290f9000 	/System/Library/PrivateFrameworks/AppleSystemInfo.framework/Versions/A/AppleSystemInfo
0x00007fff29a4c000 	/System/Library/PrivateFrameworks/IOMobileFramebuffer.framework/Versions/A/IOMobileFramebuffer
0x00007fff2a36e000 	/usr/lib/libbz2.1.0.dylib
0x00007fff2a68b000 	/usr/lib/libiconv.2.dylib
0x00007fff2a5df000 	/usr/lib/libcharset.1.dylib
0x00007fff27253000 	/System/Library/Frameworks/CoreServices.framework/Versions/A/Frameworks/FSEvents.framework/Versions/A/FSEvents
0x00007fff228b9000 	/System/Library/Frameworks/CoreServices.framework/Versions/A/Frameworks/CarbonCore.framework/Versions/A/CarbonCore
0x00007fff26593000 	/System/Library/Frameworks/CoreServices.framework/Versions/A/Frameworks/Metadata.framework/Versions/A/Metadata
0x00007fff2a381000 	/System/Library/Frameworks/CoreServices.framework/Versions/A/Frameworks/OSServices.framework/Versions/A/OSServices
0x00007fff2a800000 	/System/Library/Frameworks/CoreServices.framework/Versions/A/Frameworks/SearchKit.framework/Versions/A/SearchKit
0x00007fff26314000 	/System/Library/Frameworks/CoreServices.framework/Versions/A/Frameworks/AE.framework/Versions/A/AE
0x00007fff2095d000 	/System/Library/Frameworks/CoreServices.framework/Versions/A/Frameworks/LaunchServices.framework/Versions/A/LaunchServices
0x00007fff2ac80000 	/System/Library/Frameworks/CoreServices.framework/Versions/A/Frameworks/DictionaryServices.framework/Versions/A/DictionaryServices
0x00007fff2725c000 	/System/Library/Frameworks/CoreServices.framework/Versions/A/Frameworks/SharedFileList.framework/Versions/A/SharedFileList
0x00007fff29dfd000 	/usr/lib/libCheckFix.dylib
0x00007fff24ca9000 	/System/Library/PrivateFrameworks/TCC.framework/Versions/A/TCC
0x00007fff290ff000 	/System/Library/PrivateFrameworks/CoreNLP.framework/Versions/A/CoreNLP
0x00007fff26546000 	/System/Library/PrivateFrameworks/MetadataUtilities.framework/Versions/A/MetadataUtilities
0x00007fff21036000 	/usr/lib/libmecabra.dylib
0x00007fff2a110000 	/System/Library/Frameworks/MLCompute.framework/Versions/A/MLCompute
0x00007fff29e32000 	/usr/lib/libmecab.dylib
0x00007fff29e7c000 	/usr/lib/libgermantok.dylib
0x00007fff2a868000 	/usr/lib/libThaiTokenizer.dylib
0x00007fff2ae20000 	/usr/lib/libChineseTokenizer.dylib
0x00007fff2a8bd000 	/System/Library/Frameworks/MetalPerformanceShaders.framework/Versions/A/MetalPerformanceShaders
0x00007fff26635000 	/System/Library/Frameworks/Accelerate.framework/Versions/A/Frameworks/vImage.framework/Versions/A/vImage
0x00007fff30014000 	/System/Library/Frameworks/Accelerate.framework/Versions/A/Frameworks/vecLib.framework/Versions/A/vecLib
0x00007fff2ae2b000 	/System/Library/Frameworks/Accelerate.framework/Versions/A/Frameworks/vecLib.framework/Versions/A/libvMisc.dylib
0x00007fff29865000 	/System/Library/Frameworks/Accelerate.framework/Versions/A/Frameworks/vecLib.framework/Versions/A/libvDSP.dylib
0x00007fff20c61000 	/System/Library/Frameworks/Accelerate.framework/Versions/A/Frameworks/vecLib.framework/Versions/A/libBLAS.dylib
0x00007fff2a8e3000 	/System/Library/Frameworks/Accelerate.framework/Versions/A/Frameworks/vecLib.framework/Versions/A/libLAPACK.dylib
0x00007fff29e82000 	/System/Library/Frameworks/Accelerate.framework/Versions/A/Frameworks/vecLib.framework/Versions/A/libLinearAlgebra.dylib
0x00007fff2a8aa000 	/System/Library/Frameworks/Accelerate.framework/Versions/A/Frameworks/vecLib.framework/Versions/A/libSparseBLAS.dylib
0x00007fff2a8dd000 	/System/Library/Frameworks/Accelerate.framework/Versions/A/Frameworks/vecLib.framework/Versions/A/libQuadrature.dylib
0x00007fff291a7000 	/System/Library/Frameworks/Accelerate.framework/Versions/A/Frameworks/vecLib.framework/Versions/A/libBNNS.dylib
0x00007fff20f13000 	/System/Library/Frameworks/Accelerate.framework/Versions/A/Frameworks/vecLib.framework/Versions/A/libSparse.dylib
0x00007fff29092000 	/System/Library/Frameworks/MetalPerformanceShaders.framework/Versions/A/Frameworks/MPSCore.framework/Versions/A/MPSCore
0x00007fff2a2cd000 	/System/Library/Frameworks/MetalPerformanceShaders.framework/Versions/A/Frameworks/MPSImage.framework/Versions/A/MPSImage
0x00007fff29e98000 	/System/Library/Frameworks/MetalPerformanceShaders.framework/Versions/A/Frameworks/MPSNeuralNetwork.framework/Versions/A/MPSNeuralNetwork
0x00007fff2a258000 	/System/Library/Frameworks/MetalPerformanceShaders.framework/Versions/A/Frameworks/MPSMatrix.framework/Versions/A/MPSMatrix
0x00007fff2a0c0000 	/System/Library/Frameworks/MetalPerformanceShaders.framework/Versions/A/Frameworks/MPSRayIntersector.framework/Versions/A/MPSRayIntersector
0x00007fff2a28f000 	/System/Library/Frameworks/MetalPerformanceShaders.framework/Versions/A/Frameworks/MPSNDArray.framework/Versions/A/MPSNDArray
0x00007fff20b8d000 	/System/Library/PrivateFrameworks/MetalTools.framework/Versions/A/MetalTools
0x00007fff290f7000 	/System/Library/PrivateFrameworks/AggregateDictionary.framework/Versions/A/AggregateDictionary
0x00007fff2651e000 	/System/Library/PrivateFrameworks/CoreAnalytics.framework/Versions/A/CoreAnalytics
0x00007fff2a86a000 	/System/Library/PrivateFrameworks/AppleSauce.framework/Versions/A/AppleSauce
0x00007fff28404000 	/System/Library/PrivateFrameworks/IOAccelerator.framework/Versions/A/IOAccelerator
0x00007fff6c999000 	/System/Library/Frameworks/OpenGL.framework/Versions/A/Libraries/libCoreFSCache.dylib
0x00007fff215d2000 	/System/Library/PrivateFrameworks/LanguageModeling.framework/Versions/A/LanguageModeling
0x00007fff29a39000 	/System/Library/PrivateFrameworks/CoreEmoji.framework/Versions/A/CoreEmoji
0x00007fff291a0000 	/System/Library/PrivateFrameworks/LinguisticData.framework/Versions/A/LinguisticData
0x00007fff20ec5000 	/System/Library/PrivateFrameworks/Lexicon.framework/Versions/A/Lexicon
0x00007fff2a77c000 	/usr/lib/libcmph.dylib
0x00007fff27233000 	/System/Library/Frameworks/OpenDirectory.framework/Versions/A/Frameworks/CFOpenDirectory.framework/Versions/A/CFOpenDirectory
0x00007fff27223000 	/System/Library/Frameworks/OpenDirectory.framework/Versions/A/OpenDirectory
0x00007fff2acea000 	/System/Library/PrivateFrameworks/APFS.framework/Versions/A/APFS
0x00007fff29d5e000 	/System/Library/Frameworks/SecurityFoundation.framework/Versions/A/SecurityFoundation
0x00007fff2adf3000 	/usr/lib/libutil.dylib
0x00007fff22be0000 	/System/Library/PrivateFrameworks/CoreServicesStore.framework/Versions/A/CoreServicesStore
0x00007fff29df5000 	/System/Library/Frameworks/ServiceManagement.framework/Versions/A/ServiceManagement
0x00007fff2adf7000 	/usr/lib/libxslt.1.dylib
0x00007fff29deb000 	/System/Library/PrivateFrameworks/BackgroundTaskManagement.framework/Versions/A/BackgroundTaskManagement
0x00007fff2bdec000 	/System/Library/Frameworks/ImageIO.framework/Versions/A/Resources/libRadiance.dylib
0x00007fff2bdf6000 	/System/Library/Frameworks/ImageIO.framework/Versions/A/Resources/libJPEG.dylib
0x00007fff2bd41000 	/System/Library/Frameworks/ImageIO.framework/Versions/A/Resources/libPng.dylib
0x00007fff2bd68000 	/System/Library/Frameworks/ImageIO.framework/Versions/A/Resources/libTIFF.dylib
0x00007fff2be4b000 	/System/Library/Frameworks/ImageIO.framework/Versions/A/Resources/libGIF.dylib
0x00007fff2baa4000 	/System/Library/Frameworks/ImageIO.framework/Versions/A/Resources/libJP2.dylib
0x00007fff2b18e000 	/usr/lib/libexpat.1.dylib
0x00007fff2ba59000 	/System/Library/PrivateFrameworks/AppleJPEG.framework/Versions/A/AppleJPEG
0x00007fff2863a000 	/System/Library/PrivateFrameworks/FontServices.framework/libFontParser.dylib
0x00007fff262c8000 	/System/Library/PrivateFrameworks/RunningBoardServices.framework/Versions/A/RunningBoardServices
0x00007fff2bb83000 	/System/Library/PrivateFrameworks/WatchdogClient.framework/Versions/A/WatchdogClient
0x00007fff216bf000 	/System/Library/Frameworks/CoreDisplay.framework/Versions/A/CoreDisplay
0x00007fff28550000 	/System/Library/Frameworks/CoreMedia.framework/Versions/A/CoreMedia
0x00007fff273b0000 	/System/Library/Frameworks/CoreVideo.framework/Versions/A/CoreVideo
0x00007fff2bbbb000 	/System/Library/Frameworks/VideoToolbox.framework/Versions/A/VideoToolbox
0x00007fff26246000 	/System/Library/PrivateFrameworks/BaseBoard.framework/Versions/A/BaseBoard
0x00007fff2b2d3000 	/System/Library/PrivateFrameworks/PersistentConnection.framework/Versions/A/PersistentConnection
0x00007fff25fd9000 	/System/Library/PrivateFrameworks/ProtocolBuffer.framework/Versions/A/ProtocolBuffer
0x00007fff2622d000 	/System/Library/PrivateFrameworks/CommonUtilities.framework/Versions/A/CommonUtilities
0x00007fff2b9ee000 	/System/Library/PrivateFrameworks/Bom.framework/Versions/A/Bom
0x00007fff2bde5000 	/System/Library/PrivateFrameworks/GPUWrangler.framework/Versions/A/GPUWrangler
0x00007fff2bdc8000 	/System/Library/PrivateFrameworks/IOPresentment.framework/Versions/A/IOPresentment
0x00007fff2bdf0000 	/System/Library/PrivateFrameworks/DSExternalDisplay.framework/Versions/A/DSExternalDisplay
0x00007fff2be50000 	/System/Library/PrivateFrameworks/CMCaptureCore.framework/Versions/A/CMCaptureCore
0x00007fff2b773000 	/System/Library/PrivateFrameworks/AppServerSupport.framework/Versions/A/AppServerSupport
0x00007fff2d824000 	/System/Library/PrivateFrameworks/perfdata.framework/Versions/A/perfdata
0x00007fff29d4d000 	/System/Library/PrivateFrameworks/AssertionServices.framework/Versions/A/AssertionServices
0x00007fff217f6000 	/System/Library/PrivateFrameworks/AudioToolboxCore.framework/Versions/A/AudioToolboxCore
0x00007fff28533000 	/System/Library/PrivateFrameworks/caulk.framework/Versions/A/caulk
0x00007fff3d4cf000 	/System/Library/PrivateFrameworks/SystemPolicy.framework/Versions/A/SystemPolicy
0x00007fff2af83000 	/usr/lib/libIOReport.dylib
0x00007fff2d046000 	/usr/lib/libSMC.dylib
0x00007fff2bd0e000 	/usr/lib/libAudioToolboxUtility.dylib
0x00007fff3de39000 	/usr/lib/libmis.dylib
0x00007fff6c9f5000 	/System/Library/Frameworks/OpenGL.framework/Versions/A/Libraries/libGLU.dylib
0x00007fff6c9b8000 	/System/Library/Frameworks/OpenGL.framework/Versions/A/Libraries/libGFXShared.dylib
0x00007fff6cbc7000 	/System/Library/Frameworks/OpenGL.framework/Versions/A/Libraries/libGL.dylib
0x00007fff6c9c1000 	/System/Library/Frameworks/OpenGL.framework/Versions/A/Libraries/libGLImage.dylib
0x00007fff6c9b5000 	/System/Library/Frameworks/OpenGL.framework/Versions/A/Libraries/libCVMSPluginSupport.dylib
0x00007fff6c9a0000 	/System/Library/Frameworks/OpenGL.framework/Versions/A/Libraries/libCoreVMClient.dylib
0x00007fff6e008000 	/System/Library/Frameworks/OpenCL.framework/Versions/A/OpenCL
0x00007fff2b2fd000 	/System/Library/PrivateFrameworks/GraphVisualizer.framework/Versions/A/GraphVisualizer
0x00007fff2b30c000 	/System/Library/PrivateFrameworks/FaceCore.framework/Versions/A/FaceCore
0x00007fff2b728000 	/System/Library/PrivateFrameworks/OTSVG.framework/Versions/A/OTSVG
0x00007fff26fa7000 	/System/Library/Frameworks/ApplicationServices.framework/Versions/A/Frameworks/ATS.framework/Versions/A/Resources/libFontRegistry.dylib
0x00007fff2b77a000 	/System/Library/PrivateFrameworks/FontServices.framework/libhvf.dylib
0x00007fff2b13a000 	/System/Library/PrivateFrameworks/AppleVA.framework/Versions/A/AppleVA
0x00007fff2ce8f000 	/System/Library/Frameworks/ApplicationServices.framework/Versions/A/Frameworks/ATS.framework/Versions/A/ATS
0x00007fff2d1a1000 	/System/Library/Frameworks/ApplicationServices.framework/Versions/A/Frameworks/ColorSyncLegacy.framework/Versions/A/ColorSyncLegacy
0x00007fff257b3000 	/System/Library/Frameworks/ApplicationServices.framework/Versions/A/Frameworks/HIServices.framework/Versions/A/HIServices
0x00007fff2d186000 	/System/Library/Frameworks/ApplicationServices.framework/Versions/A/Frameworks/LangAnalysis.framework/Versions/A/LangAnalysis
0x00007fff2be5a000 	/System/Library/Frameworks/ApplicationServices.framework/Versions/A/Frameworks/PrintCore.framework/Versions/A/PrintCore
0x00007fff2d1a9000 	/System/Library/Frameworks/ApplicationServices.framework/Versions/A/Frameworks/QD.framework/Versions/A/QD
0x00007fff2ce7f000 	/System/Library/Frameworks/ApplicationServices.framework/Versions/A/Frameworks/SpeechSynthesis.framework/Versions/A/SpeechSynthesis
0x00007fff2be1b000 	/System/Library/Frameworks/ApplicationServices.framework/Versions/A/Frameworks/ATSUI.framework/Versions/A/ATSUI
0x00007fff2d126000 	/usr/lib/libcups.2.dylib
0x00007fff2d196000 	/System/Library/PrivateFrameworks/NetAuth.framework/Versions/A/NetAuth
0x00007fff2d840000 	/System/Library/Frameworks/Kerberos.framework/Versions/A/Kerberos
0x00007fff2d850000 	/System/Library/Frameworks/GSS.framework/Versions/A/GSS
0x00007fff2cefb000 	/usr/lib/libresolv.9.dylib
0x00007fff2b78f000 	/System/Library/PrivateFrameworks/Heimdal.framework/Versions/A/Heimdal
0x00007fff335d4000 	/System/Library/Frameworks/Kerberos.framework/Versions/A/Libraries/libHeimdalProxy.dylib
0x00007fff26399000 	/System/Library/Frameworks/Network.framework/Versions/A/Network
0x00007fff2b1a8000 	/usr/lib/libheimdal-asn1.dylib
0x00007fff2d8a0000 	/System/Library/PrivateFrameworks/CommonAuth.framework/Versions/A/CommonAuth
0x00007fff273fd000 	/System/Library/PrivateFrameworks/login.framework/Versions/A/Frameworks/loginsupport.framework/Versions/A/loginsupport
0x00007fff2ce04000 	/System/Library/PrivateFrameworks/AudioSession.framework/Versions/A/AudioSession
0x00007fff2ce6c000 	/usr/lib/libAudioStatistics.dylib
0x00007fff2b235000 	/System/Library/PrivateFrameworks/MediaExperience.framework/Versions/A/MediaExperience
0x00007fff2cca1000 	/System/Library/PrivateFrameworks/AudioSession.framework/libSessionUtility.dylib
0x00007fff2d831000 	/usr/lib/libperfcheck.dylib
0x00007fff2d1b5000 	/System/Library/PrivateFrameworks/AudioResourceArbitration.framework/Versions/A/AudioResourceArbitration
0x00007fff2b1b2000 	/System/Library/PrivateFrameworks/IconFoundation.framework/Versions/A/IconFoundation
0x00007fff2fcde000 	/System/Library/PrivateFrameworks/SpeechRecognitionCore.framework/Versions/A/SpeechRecognitionCore
0x000000010c000000 	/usr/local/Cellar/openjdk/14.0.1/libexec/openjdk.jdk/Contents/Home/lib/server/libjvm.dylib
0x0000000104d1e000 	/usr/local/Cellar/openjdk/14.0.1/libexec/openjdk.jdk/Contents/Home/lib/libjimage.dylib
0x0000000104d6e000 	/usr/local/Cellar/openjdk/14.0.1/libexec/openjdk.jdk/Contents/Home/lib/libjava.dylib
0x0000000104d93000 	/usr/local/Cellar/openjdk/14.0.1/libexec/openjdk.jdk/Contents/Home/lib/libzip.dylib
0x000000010578f000 	/usr/local/Cellar/openjdk/14.0.1/libexec/openjdk.jdk/Contents/Home/lib/libnio.dylib
0x000000010579f000 	/usr/local/Cellar/openjdk/14.0.1/libexec/openjdk.jdk/Contents/Home/lib/libnet.dylib
0x00000001057b4000 	/usr/local/Cellar/openjdk/14.0.1/libexec/openjdk.jdk/Contents/Home/lib/libawt.dylib
0x0000000105a92000 	/usr/local/Cellar/openjdk/14.0.1/libexec/openjdk.jdk/Contents/Home/lib/libmlib_image.dylib
0x00007fff6f835000 	/System/Library/Frameworks/JavaNativeFoundation.framework/Versions/A/JavaNativeFoundation
0x00007fff6f841000 	/System/Library/Frameworks/JavaRuntimeSupport.framework/Versions/A/JavaRuntimeSupport
0x00007fff3d247000 	/System/Library/Frameworks/Carbon.framework/Versions/A/Carbon
0x00007fff31ca8000 	/System/Library/PrivateFrameworks/CoreSymbolication.framework/Versions/A/CoreSymbolication
0x00007fff36541000 	/System/Library/Frameworks/Carbon.framework/Versions/A/Frameworks/CommonPanels.framework/Versions/A/CommonPanels
0x00007fff3308e000 	/System/Library/Frameworks/Carbon.framework/Versions/A/Frameworks/Help.framework/Versions/A/Help
0x00007fff36545000 	/System/Library/Frameworks/Carbon.framework/Versions/A/Frameworks/ImageCapture.framework/Versions/A/ImageCapture
0x00007fff3651d000 	/System/Library/Frameworks/Carbon.framework/Versions/A/Frameworks/OpenScripting.framework/Versions/A/OpenScripting
0x00007fff3653d000 	/System/Library/Frameworks/Carbon.framework/Versions/A/Frameworks/Ink.framework/Versions/A/Ink
0x00007fff3d243000 	/System/Library/Frameworks/Carbon.framework/Versions/A/Frameworks/Print.framework/Versions/A/Print
0x00007fff36539000 	/System/Library/Frameworks/Carbon.framework/Versions/A/Frameworks/SecurityHI.framework/Versions/A/SecurityHI
0x00007fff31c6b000 	/System/Library/PrivateFrameworks/DebugSymbols.framework/Versions/A/DebugSymbols
0x0000000105af5000 	/usr/local/Cellar/openjdk/14.0.1/libexec/openjdk.jdk/Contents/Home/lib/libawt_lwawt.dylib
0x0000000105b9e000 	/usr/local/Cellar/openjdk/14.0.1/libexec/openjdk.jdk/Contents/Home/lib/libosxapp.dylib
0x00007fff3c607000 	/System/Library/Frameworks/ExceptionHandling.framework/Versions/A/ExceptionHandling
0x0000000105bc5000 	/usr/local/Cellar/openjdk/14.0.1/libexec/openjdk.jdk/Contents/Home/lib/libverify.dylib
0x0000000105bd0000 	/usr/local/Cellar/openjdk/14.0.1/libexec/openjdk.jdk/Contents/Home/lib/libfontmanager.dylib
0x0000000105cce000 	/usr/local/Cellar/openjdk/14.0.1/libexec/openjdk.jdk/Contents/Home/lib/libfreetype.dylib
0x00007fff22ba1000 	/System/Library/PrivateFrameworks/CoreServicesInternal.framework/Versions/A/CoreServicesInternal
0x00007fff311c4000 	/System/Library/Frameworks/FileProvider.framework/Versions/A/FileProvider
0x00007fff261b0000 	/System/Library/Frameworks/Accounts.framework/Versions/A/Accounts
0x00007fff312e5000 	/System/Library/PrivateFrameworks/GenerationalStorage.framework/Versions/A/GenerationalStorage
0x00007fff30be3000 	/System/Library/PrivateFrameworks/SymptomDiagnosticReporter.framework/Versions/A/SymptomDiagnosticReporter
0x00007fff2e4e9000 	/System/Library/PrivateFrameworks/AppContainer.framework/Versions/A/AppContainer
0x00007fff23ced000 	/System/Library/PrivateFrameworks/DesktopServicesPriv.framework/Versions/A/DesktopServicesPriv
0x00007fff22cd6000 	/usr/lib/libsandbox.1.dylib
0x00007fff27429000 	/System/Library/PrivateFrameworks/UserManagement.framework/Versions/A/UserManagement
0x00007fff29d2a000 	/System/Library/PrivateFrameworks/MobileKeyBag.framework/Versions/A/MobileKeyBag
0x00007fff3463e000 	/System/Library/PrivateFrameworks/ChunkingLibrary.framework/Versions/A/ChunkingLibrary
0x00007fff2e4fe000 	/System/Library/PrivateFrameworks/SecCodeWrapper.framework/Versions/A/SecCodeWrapper
0x00007fff2af8b000 	/System/Library/PrivateFrameworks/CrashReporterSupport.framework/Versions/A/CrashReporterSupport
0x00007fff483c2000 	/System/Library/PrivateFrameworks/OSAnalytics.framework/Versions/A/OSAnalytics
0x00007fff781cd000 	/usr/lib/libRosetta.dylib
0x00007fff3301f000 	/System/Library/PrivateFrameworks/RemoteServiceDiscovery.framework/Versions/A/RemoteServiceDiscovery
0x00007fff5239a000 	/System/Library/PrivateFrameworks/Symbolication.framework/Versions/A/Symbolication
0x00007fff3302f000 	/System/Library/PrivateFrameworks/RemoteXPC.framework/Versions/A/RemoteXPC
0x00007fff3953a000 	/System/Library/PrivateFrameworks/OSAServicesClient.framework/Versions/A/OSAServicesClient
0x00007fff3de18000 	/System/Library/PrivateFrameworks/MallocStackLogging.framework/Versions/A/MallocStackLogging
0x00007fff2e280000 	/System/Library/PrivateFrameworks/Sharing.framework/Versions/A/Sharing
0x00007fff32bfc000 	/System/Library/PrivateFrameworks/Apple80211.framework/Versions/A/Apple80211
0x00007fff2a3af000 	/System/Library/PrivateFrameworks/AuthKit.framework/Versions/A/AuthKit
0x00007fff29b2a000 	/System/Library/PrivateFrameworks/CoreUtils.framework/Versions/A/CoreUtils
0x00007fff29a57000 	/System/Library/Frameworks/CoreWLAN.framework/Versions/A/CoreWLAN
0x00007fff2e3c8000 	/System/Library/Frameworks/IOBluetooth.framework/Versions/A/IOBluetooth
0x00007fff32c60000 	/System/Library/PrivateFrameworks/CoreWiFi.framework/Versions/A/CoreWiFi
0x00007fff2d928000 	/System/Library/PrivateFrameworks/CorePhoneNumbers.framework/Versions/A/CorePhoneNumbers
0x00007fff30ceb000 	/System/Library/PrivateFrameworks/DiskManagement.framework/Versions/A/DiskManagement
0x00007fff30c01000 	/System/Library/PrivateFrameworks/AppleIDAuthSupport.framework/Versions/A/AppleIDAuthSupport
0x00007fff2d905000 	/System/Library/PrivateFrameworks/KeychainCircle.framework/Versions/A/KeychainCircle
0x00007fff30cb7000 	/System/Library/PrivateFrameworks/MediaKit.framework/Versions/A/MediaKit
0x00007fff30c0e000 	/System/Library/Frameworks/DiscRecording.framework/Versions/A/DiscRecording
0x00007fff2b0ae000 	/usr/lib/libCoreStorage.dylib
0x00007fff3309a000 	/usr/lib/libcsfde.dylib
0x00007fff2e502000 	/System/Library/PrivateFrameworks/ProtectedCloudStorage.framework/Versions/A/ProtectedCloudStorage
0x00007fff33092000 	/System/Library/PrivateFrameworks/EFILogin.framework/Versions/A/EFILogin
0x00007fff33687000 	/System/Library/Frameworks/AudioUnit.framework/Versions/A/AudioUnit
0x00007fff30b80000 	/System/Library/Frameworks/CoreBluetooth.framework/Versions/A/CoreBluetooth
0x00007fff2b0a6000 	/usr/lib/libMatch.1.dylib
0x00007fff44053000 	/System/Library/CoreServices/RawCamera.bundle/Contents/MacOS/RawCamera
0x00007fff2d8b1000 	/System/Library/PrivateFrameworks/MobileAsset.framework/Versions/A/MobileAsset
0x00007fff336ac000 	/System/Library/PrivateFrameworks/StreamingZip.framework/Versions/A/StreamingZip
0x00007fff2c053000 	/System/Library/Frameworks/MediaToolbox.framework/Versions/A/MediaToolbox
0x00007fff31196000 	/System/Library/PrivateFrameworks/CoreAVCHD.framework/Versions/A/CoreAVCHD
0x00007fff3034a000 	/System/Library/Frameworks/MediaAccessibility.framework/Versions/A/MediaAccessibility
0x00007fff31192000 	/System/Library/PrivateFrameworks/Mangrove.framework/Versions/A/Mangrove
0x00007fff30356000 	/System/Library/PrivateFrameworks/AlgosScoreFramework.framework/Versions/A/AlgosScoreFramework
0x00007fff31b5b000 	/System/Library/PrivateFrameworks/AppleVPA.framework/Versions/A/AppleVPA
0x00007fff30dd7000 	/System/Library/PrivateFrameworks/CoreAUC.framework/Versions/A/CoreAUC
0x00007fff41a45000 	/System/Library/Frameworks/Accelerate.framework/Versions/A/Frameworks/vImage.framework/Versions/A/Libraries/libCGInterfaces.dylib
0x0000000133efe000 	/usr/lib/libobjc-trampolines.dylib
0x00007fff2712b000 	/System/Library/PrivateFrameworks/ViewBridge.framework/Versions/A/ViewBridge
0x00007fff2b850000 	/System/Library/PrivateFrameworks/login.framework/Versions/A/login
0x0000000134d33000 	/usr/local/Cellar/openjdk/14.0.1/libexec/openjdk.jdk/Contents/Home/lib/libprefs.dylib
0x0000000134d3a000 	/usr/local/Cellar/openjdk/14.0.1/libexec/openjdk.jdk/Contents/Home/lib/libosxui.dylib
0x00007fff6cbd2000 	/System/Library/Frameworks/OpenGL.framework/Versions/A/Resources/GLEngine.bundle/GLEngine
0x00007fff6ca32000 	/System/Library/Frameworks/OpenGL.framework/Versions/A/Libraries/libGLProgrammability.dylib
0x00007fff5fd62000 	/System/Library/Extensions/AppleIntelKBLGraphicsGLDriver.bundle/Contents/MacOS/AppleIntelKBLGraphicsGLDriver
0x00007fff46d54000 	/System/Library/PrivateFrameworks/GPUSupport.framework/Versions/A/Libraries/libGPUSupportMercury.dylib
0x0000000136c43000 	/System/Library/Extensions/AMDRadeonX6000GLDriver.bundle/Contents/MacOS/AMDRadeonX6000GLDriver
0x00007fff6ef83000 	/System/Library/Extensions/AMDRadeonX6000GLDriver.bundle/Contents/MacOS/ATIRadeonX6000SCLib.dylib
0x00007fff5f006000 	/System/Library/Extensions/AMDShared.bundle/Contents/PlugIns/libSC.dylib
0x00007fff6cd4e000 	/System/Library/Frameworks/OpenGL.framework/Versions/A/Resources/GLRendererFloat.bundle/GLRendererFloat
0x00007fff5eb75000 	/System/Library/Extensions/AppleIntelKBLGraphicsMTLDriver.bundle/Contents/MacOS/AppleIntelKBLGraphicsMTLDriver
0x00007fff3de4c000 	/System/Library/PrivateFrameworks/GPURawCounter.framework/Versions/A/GPURawCounter
0x00000001ad1e5000 	/System/Library/Extensions/AMDRadeonX6000MTLDriver.bundle/Contents/MacOS/AMDRadeonX6000MTLDriver
0x00007fff41605000 	/System/Library/PrivateFrameworks/IOAccelMemoryInfo.framework/Versions/A/IOAccelMemoryInfo
0x00007fff6a52b000 	/System/Library/PrivateFrameworks/GPUCompiler.framework/Versions/31001/Libraries/libmetal_timestamp.dylib


VM Arguments:
jvm_args: -Dfile.encoding=UTF-8 -Duser.country=VN -Duser.language=en -Duser.variant 
java_command: org.triplea.game.client.HeadedGameRunner
java_class_path (initial): /Users/tientn/JBoard/tientn-jboard-game/game-headed/build/classes/java/main:/Users/tientn/JBoard/tientn-jboard-game/game-headed/build/resources/main:/Users/tientn/JBoard/tientn-jboard-game/game-core/build/libs/game-core-2.5.0.jar:/Users/tientn/JBoard/tientn-jboard-game/swing-lib/build/libs/swing-lib-2.5.0.jar:/Users/tientn/JBoard/tientn-jboard-game/http-clients/build/libs/http-clients-2.5.0.jar:/Users/tientn/JBoard/tientn-jboard-game/map-data/build/libs/map-data-2.5.0.jar:/Users/tientn/JBoard/tientn-jboard-game/xml-reader/build/libs/xml-reader-2.5.0.jar:/Users/tientn/JBoard/tientn-jboard-game/java-extras/build/libs/java-extras-2.5.0.jar:/Users/tientn/JBoard/tientn-jboard-game/domain-data/build/libs/domain-data-2.5.0.jar:/Users/tientn/.gradle/caches/modules-2/files-2.1/ch.qos.logback/logback-classic/1.2.3/7c4f3c474fb2c041d8028740440937705ebb473a/logback-classic-1.2.3.jar:/Users/tientn/.gradle/caches/modules-2/files-2.1/com.google.guava/guava/30.0-jre/8ddbc8769f73309fe09b54c5951163f10b0d89fa/guava-30.0-jre.jar:/Users/tientn/.gradle/caches/modules-2/files-2.1/org.pushing-pixels/radiance-substance/2.5.1/9a6865bbf4712b596914a990514ef0249b934dc/radiance-substance-2.5.1.jar:/Users/tientn/.gradle/caches/modules-2/files-2.1/ch.qos.logback/logback-core/1.2.3/864344400c3d4d92dfeb0a305dc87d953677c03c/logback-core-1.2.3.jar:/Users/tientn/.gradle/caches/modules-2/files-2.1/org.slf4j/slf4j-api/1.7.25/da76ca59f6a57ee3102f8f9bd9cee742973efa8a/slf4j-api-1.7.25.jar:/Users/tientn/.gradle/caches/modules-2/files-2.1/com.google.guava/failureaccess/1.0.1/1dcf1de382a0bf95a3d8b0849546c88bac1292c9/failureaccess-1.0.1.jar:/Users/tientn/.gradle/caches/modules-2/files-2.1/com.google.guava/listenablefuture/9999.0-empty-to-avoid-conflict-with-guava/b421526c5f297295adef1c886e5246c39d4ac629/listenablefuture-9999.0-empty-to-avoid-conflict-with-guava.jar:/Users/tientn/.gradle/caches/modules-2/files-2.1/com.google.code.findbugs/jsr305/3.0.2/25ea2e8b0c338a877313bd4672d3fe056
Launcher Type: SUN_STANDARD

[Global flags]
     intx CICompilerCount                          = 4                                         {product} {ergonomic}
     uint ConcGCThreads                            = 3                                         {product} {ergonomic}
     uint G1ConcRefinementThreads                  = 10                                        {product} {ergonomic}
   size_t G1HeapRegionSize                         = 1048576                                   {product} {ergonomic}
    uintx GCDrainStackTargetSize                   = 64                                        {product} {ergonomic}
   size_t InitialHeapSize                          = 268435456                                 {product} {ergonomic}
   size_t MarkStackSize                            = 4194304                                   {product} {ergonomic}
   size_t MaxHeapSize                              = 4294967296                                {product} {ergonomic}
   size_t MaxNewSize                               = 2576351232                                {product} {ergonomic}
   size_t MinHeapDeltaBytes                        = 1048576                                   {product} {ergonomic}
   size_t MinHeapSize                              = 8388608                                   {product} {ergonomic}
    uintx NonNMethodCodeHeapSize                   = 5839372                                {pd product} {ergonomic}
    uintx NonProfiledCodeHeapSize                  = 122909434                              {pd product} {ergonomic}
    uintx ProfiledCodeHeapSize                     = 122909434                              {pd product} {ergonomic}
    uintx ReservedCodeCacheSize                    = 251658240                              {pd product} {ergonomic}
     bool SegmentedCodeCache                       = true                                      {product} {ergonomic}
   size_t SoftMaxHeapSize                          = 4294967296                             {manageable} {ergonomic}
     bool UseCompressedClassPointers               = true                                 {lp64_product} {ergonomic}
     bool UseCompressedOops                        = true                                 {lp64_product} {ergonomic}
     bool UseG1GC                                  = true                                      {product} {ergonomic}

Logging:
Log output configuration:
 #0: stdout all=warning uptime,level,tags
 #1: stderr all=off uptime,level,tags

Environment Variables:
JAVA_HOME=/usr/local/opt/openjdk/libexec/openjdk.jdk/Contents/Home
PATH=/Users/tientn/TabiWorks/repo/env/bin:/usr/local/bin:/usr/bin:/bin:/usr/sbin:/sbin:/Users/tientn/Library/Python/3.7/bin:/Library/Apple/usr/bin
SHELL=/bin/zsh

Signal Handlers:
SIGSEGV: [libjvm.dylib+0x7c63a6], sa_mask[0]=11111111011111110111111111111111, sa_flags=SA_ONSTACK|SA_RESTART|SA_SIGINFO
SIGBUS: [libjvm.dylib+0x7c63a6], sa_mask[0]=11111111011111110111111111111111, sa_flags=SA_RESTART|SA_SIGINFO
SIGFPE: [libjvm.dylib+0x7c63a6], sa_mask[0]=11111111011111110111111111111111, sa_flags=SA_RESTART|SA_SIGINFO
SIGPIPE: [libjvm.dylib+0x6078f5], sa_mask[0]=11111111011111110111111111111111, sa_flags=SA_RESTART|SA_SIGINFO
SIGXFSZ: [libjvm.dylib+0x6078f5], sa_mask[0]=11111111011111110111111111111111, sa_flags=SA_RESTART|SA_SIGINFO
SIGILL: [libjvm.dylib+0x7c63a6], sa_mask[0]=11111111011111110111111111111111, sa_flags=SA_RESTART|SA_SIGINFO
SIGUSR2: [libjvm.dylib+0x607eb4], sa_mask[0]=00100000000000000000000000000000, sa_flags=SA_RESTART|SA_SIGINFO
SIGHUP: [libjvm.dylib+0x606f23], sa_mask[0]=11111111011111110111111111111111, sa_flags=SA_RESTART|SA_SIGINFO
SIGINT: [libjvm.dylib+0x606f23], sa_mask[0]=11111111011111110111111111111111, sa_flags=SA_RESTART|SA_SIGINFO
SIGTERM: [libjvm.dylib+0x606f23], sa_mask[0]=11111111011111110111111111111111, sa_flags=SA_RESTART|SA_SIGINFO
SIGQUIT: [libjvm.dylib+0x606f23], sa_mask[0]=11111111011111110111111111111111, sa_flags=SA_RESTART|SA_SIGINFO


---------------  S Y S T E M  ---------------

OS:uname:Darwin 20.3.0 Darwin Kernel Version 20.3.0: Thu Jan 21 00:07:06 PST 2021; root:xnu-7195.81.3~1/RELEASE_X86_64 x86_64
OS uptime: 53 days 12:05 hours
rlimit: STACK 8192k, CORE 0k, NPROC 2784, NOFILE 10240, AS infinity, DATA infinity, FSIZE infinity
load average:3.40 2.68 2.28

CPU:total 12 (initial active 12) (6 cores per cpu, 2 threads per core) family 6 model 158 stepping 10, cmov, cx8, fxsr, mmx, sse, sse2, sse3, ssse3, sse4.1, sse4.2, popcnt, avx, avx2, aes, clmul, erms, 3dnowpref, lzcnt, ht, tsc, tscinvbit, bmi1, bmi2, adx, fma

Memory: 4k page, physical 16777216k(510872k free), swap 4194304k(749824k free)

vm_info: OpenJDK 64-Bit Server VM (14.0.1+14) for bsd-amd64 JRE (14.0.1+14), built on Jun 30 2020 17:14:54 by "brew" with clang 4.2.1 Compatible Apple LLVM 11.0.3 (clang-1103.0.32.62)

END.
